<?xml version="1.0" encoding="UTF-8"?>
<!-- Generated by org.testng.reporters.JUnitReportReporter -->
<testsuite hostname="sameera-HP-Pavilion-g6-Notebook-PC" failures="0" tests="1" name="orangeHRM_demo.testCases.LoginTest" time="4.758" errors="0" timestamp="15 Jan 2023 18:15:18 GMT" skipped="0">
  <testcase classname="orangeHRM_demo.testCases.LoginTest" name="loginTest" time="4.758"/>
</testsuite> <!-- orangeHRM_demo.testCases.LoginTest -->
